  boss1.cpp
D:\GPP Assignment\Overtale\constants.h(62,34): warning C4305: 'initializing': truncation from 'int' to 'UCHAR'
D:\GPP Assignment\Overtale\constants.h(62,30): warning C4309: 'initializing': truncation of constant value
D:\GPP Assignment\Overtale\boss1.cpp(68,61): warning C4244: 'argument': conversion from 'double' to 'float', possible loss of data
D:\GPP Assignment\Overtale\projectile.h(18,41): warning C4244: '=': conversion from 'float' to 'int', possible loss of data
D:\GPP Assignment\Overtale\boss1.cpp(70,38): warning C4244: '=': conversion from 'double' to 'int', possible loss of data
D:\GPP Assignment\Overtale\boss1.cpp(71,51): warning C4244: 'argument': conversion from 'int' to 'FLOAT', possible loss of data
D:\GPP Assignment\Overtale\boss1.cpp(71,33): warning C4244: 'argument': conversion from 'int' to 'FLOAT', possible loss of data
D:\GPP Assignment\Overtale\boss1.cpp(72,35): warning C4244: 'argument': conversion from 'double' to 'float', possible loss of data
  overtale.cpp
D:\GPP Assignment\Overtale\constants.h(62,34): warning C4305: 'initializing': truncation from 'int' to 'UCHAR'
D:\GPP Assignment\Overtale\constants.h(62,30): warning C4309: 'initializing': truncation of constant value
  projectile.cpp
D:\GPP Assignment\Overtale\constants.h(62,34): warning C4305: 'initializing': truncation from 'int' to 'UCHAR'
D:\GPP Assignment\Overtale\constants.h(62,30): warning C4309: 'initializing': truncation of constant value
  winmain.cpp
D:\GPP Assignment\Overtale\constants.h(62,34): warning C4305: 'initializing': truncation from 'int' to 'UCHAR'
D:\GPP Assignment\Overtale\constants.h(62,30): warning C4309: 'initializing': truncation of constant value
  Generating Code...
  Overtale.vcxproj -> D:\GPP Assignment\Overtale\Debug\Overtale.exe
